<?xml version="1.0" encoding="UTF-8"?>
<!-- Generated by org.testng.reporters.JUnitReportReporter -->
<testsuite skipped="0" hostname="raviappam-MBP-SLIND-2XRA" name="com.Spotify.oAuth2.Test.PlayListTests" tests="4" failures="0" timestamp="2023-03-07T18:04:01 IST" time="18.510" errors="0">
  <testcase name="CreatePlayList" time="4.704" classname="com.Spotify.oAuth2.Test.PlayListTests"/>
  <system-out/>
  <testcase name="Negetive_CreatePlayList" time="4.606" classname="com.Spotify.oAuth2.Test.PlayListTests"/>
  <system-out/>
  <testcase name="UpdatePlayList" time="4.588" classname="com.Spotify.oAuth2.Test.PlayListTests"/>
  <system-out/>
  <testcase name="GetPlayList" time="4.612" classname="com.Spotify.oAuth2.Test.PlayListTests"/>
  <system-out/>
</testsuite> <!-- com.Spotify.oAuth2.Test.PlayListTests -->
