<?xml version="1.0" encoding="UTF-8"?>
<!-- Generated by org.testng.reporters.JUnitReportReporter -->
<testsuite skipped="0" hostname="raviappam-MBP-SLIND-2XRA" name="com.Spotify.oAuth2.Test.PlayListTests" tests="4" failures="0" timestamp="2023-03-08T13:39:40 IST" time="17.855" errors="0">
  <testcase name="CreatePlayList" time="4.577" classname="com.Spotify.oAuth2.Test.PlayListTests"/>
  <system-out/>
  <testcase name="GetPlayList" time="4.393" classname="com.Spotify.oAuth2.Test.PlayListTests"/>
  <system-out/>
  <testcase name="Negetive_CreatePlayList" time="4.424" classname="com.Spotify.oAuth2.Test.PlayListTests"/>
  <system-out/>
  <testcase name="UpdatePlayList" time="4.461" classname="com.Spotify.oAuth2.Test.PlayListTests"/>
  <system-out/>
</testsuite> <!-- com.Spotify.oAuth2.Test.PlayListTests -->
